<?xml version="1.0" encoding="UTF-8" ?>
<testsuites errors="1"
            failures="1"
            tests="1">

  <testsuite name="unosquare"
    errors="1" failures="1" hostname="" id="" package="unosquare" skipped="0"
    tests="1" time="5.234" timestamp="">
  
    <testcase name="demoTest" classname="unosquare" time="5.234" assertions="1">  <failure message="Testing if value of element &lt;form.login input[type=text]&gt; equals &#39;username&#39; in 5000ms - expected &#34;equals &#39;username&#39;&#34; but got: &#34;element could not be located&#34; (5223ms)">    at Object.demoTest (C:\Users\mariana.rendon\Unosquare\Tests\unosquare.js:26:20)
    at processTicksAndRejections (node:internal/process/task_queues:96:5)</failure>

    
    <error message="Error while running &#34;value&#34; command: Testing if value of element [0;33m&lt;form.login input[type=text]&gt;[0m equals [0;33m&#39;username&#39;[0m in 5000ms - expected [0;32m&#34;equals &#39;username&#39;&#34;[0m but got: [0;31m&#34;element could not be located&#34;[0m [0;90m(5223ms)[0m" type="error"><![CDATA[
        at Object.demoTest (C:\Users\mariana.rendon\Unosquare\Tests\unosquare.js:26:20)
    at processTicksAndRejections (node:internal/process/task_queues:96:5)
    ]]></error>
    
    </testcase>
  

  
    <system-err>
        NoSuchElementError: An error occurred while running .getValue() command on &lt;form.login input[type=text]&gt;: 
   {&#34;sessionId&#34;:&#34;52da8536caf83d2724d5f8bc57476872&#34;,&#34;status&#34;:0,&#34;value&#34;:[]}
       at processTicksAndRejections (node:internal/process/task_queues:96:5)
    </system-err>
  

    

  
  </testsuite>
</testsuites>
